Дата и время: 2023-03-23 10:38:32.923663
Имя функции: hello_world
Аргументы: (), {}
Результат: Hello World
Дата и время: 2023-03-23 10:38:32.924841
Имя функции: summator
Аргументы: (2, 2), {}
Результат: 4
Дата и время: 2023-03-23 10:38:32.924841
Имя функции: div
Аргументы: (6, 2), {}
Результат: 3.0
Дата и время: 2023-03-23 10:38:32.924841
Имя функции: summator
Аргументы: (4.3,), {'b': 2.2}
Результат: 6.5
Дата и время: 2023-03-23 10:38:32.924841
Имя функции: summator
Аргументы: (), {'a': 0, 'b': 0}
Результат: 0
